18:54:30.477 [ERROR] [org.gradle.api.Task] e: java.lang.NoClassDefFoundError: javax/xml/bind/JAXBException
	at java.base/java.lang.Class.getDeclaredConstructors0(Native Method)
	at java.base/java.lang.Class.privateGetDeclaredConstructors(Class.java:3142)
	at java.base/java.lang.Class.getConstructor0(Class.java:3347)
	at java.base/java.lang.Class.newInstance(Class.java:571)
	at org.jetbrains.kotlin.cli.jvm.plugins.ServiceLoaderLite.loadImplementations(ServiceLoaderLite.kt:51)
	at org.jetbrains.kotlin.cli.jvm.plugins.ServiceLoaderLite.loadImplementations(ServiceLoaderLite.kt:44)
	at org.jetbrains.kotlin.kapt3.ClasspathBasedKapt3Extension$loadProcessors$efficientProcessorLoader$1.doLoadProcessors(Kapt3Extension.kt:83)
	at org.jetbrains.kotlin.kapt3.base.ProcessorLoader.loadProcessors(ProcessorLoader.kt:45)
	at org.jetbrains.kotlin.kapt3.base.ProcessorLoader.loadProcessors$default(ProcessorLoader.kt:28)
	at org.jetbrains.kotlin.kapt3.ClasspathBasedKapt3Extension.loadProcessors(Kapt3Extension.kt:88)
	at org.jetbrains.kotlin.kapt3.AbstractKapt3Extension.analysisCompleted(Kapt3Extension.kt:171)
	at org.jetbrains.kotlin.kapt3.ClasspathBasedKapt3Extension.analysisCompleted(Kapt3Extension.kt:98)
	at org.jetbrains.kotlin.cli.jvm.compiler.TopDownAnalyzerFacadeForJVM$analyzeFilesWithJavaIntegration$2.invoke(TopDownAnalyzerFacadeForJVM.kt:95)
	at org.jetbrains.kotlin.cli.jvm.compiler.TopDownAnalyzerFacadeForJVM.analyzeFilesWithJavaIntegration(TopDownAnalyzerFacadeForJVM.kt:105)
	at org.jetbrains.kotlin.cli.jvm.compiler.TopDownAnalyzerFacadeForJVM.analyzeFilesWithJavaIntegration$default(TopDownAnalyzerFacadeForJVM.kt:80)
	at org.jetbrains.kotlin.cli.jvm.compiler.KotlinToJVMBytecodeCompiler$analyze$1.invoke(KotlinToJVMBytecodeCompiler.kt:398)
	at org.jetbrains.kotlin.cli.jvm.compiler.KotlinToJVMBytecodeCompiler$analyze$1.invoke(KotlinToJVMBytecodeCompiler.kt:65)
	at org.jetbrains.kotlin.cli.common.messages.AnalyzerWithCompilerReport.analyzeAndReport(AnalyzerWithCompilerReport.kt:107)
	at org.jetbrains.kotlin.cli.jvm.compiler.KotlinToJVMBytecodeCompiler.analyze(KotlinToJVMBytecodeCompiler.kt:389)
	at org.jetbrains.kotlin.cli.jvm.compiler.KotlinToJVMBytecodeCompiler.compileModules$cli(KotlinToJVMBytecodeCompiler.kt:118)
	at org.jetbrains.kotlin.cli.jvm.K2JVMCompiler.doExecute(K2JVMCompiler.kt:166)
	at org.jetbrains.kotlin.cli.jvm.K2JVMCompiler.doExecute(K2JVMCompiler.kt:56)
	at org.jetbrains.kotlin.cli.common.CLICompiler.execImpl(CLICompiler.kt:84)
	at org.jetbrains.kotlin.cli.common.CLICompiler.execImpl(CLICompiler.kt:42)
	at org.jetbrains.kotlin.cli.common.CLITool.exec(CLITool.kt:104)
	at org.jetbrains.kotlin.daemon.CompileServiceImpl$compile$1$1$2.invoke(CompileServiceImpl.kt:442)
	at org.jetbrains.kotlin.daemon.CompileServiceImpl$compile$1$1$2.invoke(CompileServiceImpl.kt:102)
	at org.jetbrains.kotlin.daemon.CompileServiceImpl$doCompile$$inlined$ifAlive$lambda$2.invoke(CompileServiceImpl.kt:1005)
	at org.jetbrains.kotlin.daemon.CompileServiceImpl$doCompile$$inlined$ifAlive$lambda$2.invoke(CompileServiceImpl.kt:102)
	at org.jetbrains.kotlin.daemon.common.DummyProfiler.withMeasure(PerfUtils.kt:138)
	at org.jetbrains.kotlin.daemon.CompileServiceImpl.checkedCompile(CompileServiceImpl.kt:1047)
	at org.jetbrains.kotlin.daemon.CompileServiceImpl.doCompile(CompileServiceImpl.kt:1004)
	at org.jetbrains.kotlin.daemon.CompileServiceImpl.compile(CompileServiceImpl.kt:441)
	at java.base/jdk.internal.reflect.NativeMethodAccessorImpl.invoke0(Native Method)
	at java.base/jdk.internal.reflect.NativeMethodAccessorImpl.invoke(NativeMethodAccessorImpl.java:62)
	at java.base/jdk.internal.reflect.DelegatingMethodAccessorImpl.invoke(DelegatingMethodAccessorImpl.java:43)
	at java.base/java.lang.reflect.Method.invoke(Method.java:567)
	at java.rmi/sun.rmi.server.UnicastServerRef.dispatch(UnicastServerRef.java:359)
	at java.rmi/sun.rmi.transport.Transport$1.run(Transport.java:200)
	at java.rmi/sun.rmi.transport.Transport$1.run(Transport.java:197)
	at java.base/java.security.AccessController.doPrivileged(AccessController.java:689)
	at java.rmi/sun.rmi.transport.Transport.serviceCall(Transport.java:196)
	at java.rmi/sun.rmi.transport.tcp.TCPTransport.handleMessages(TCPTransport.java:562)
	at java.rmi/sun.rmi.transport.tcp.TCPTransport$ConnectionHandler.run0(TCPTransport.java:796)
	at java.rmi/sun.rmi.transport.tcp.TCPTransport$ConnectionHandler.lambda$run$0(TCPTransport.java:677)
	at java.base/java.security.AccessController.doPrivileged(AccessController.java:389)
	at java.rmi/sun.rmi.transport.tcp.TCPTransport$ConnectionHandler.run(TCPTransport.java:676)
	at java.base/java.util.concurrent.ThreadPoolExecutor.runWorker(ThreadPoolExecutor.java:1128)
	at java.base/java.util.concurrent.ThreadPoolExecutor$Worker.run(ThreadPoolExecutor.java:628)
	at java.base/java.lang.Thread.run(Thread.java:835)
Caused by: java.lang.ClassNotFoundException: javax.xml.bind.JAXBException
	at java.base/java.net.URLClassLoader.findClass(URLClassLoader.java:436)
	at java.base/java.lang.ClassLoader.loadClass(ClassLoader.java:588)
	at java.base/java.lang.ClassLoader.loadClass(ClassLoader.java:521)
	... 50 more

18:54:30.523 [ERROR] [org.gradle.internal.buildevents.BuildExceptionReporter] 
18:54:30.523 [ERROR] [org.gradle.internal.buildevents.BuildExceptionReporter] FAILURE: Build failed with an exception.
18:54:30.523 [ERROR] [org.gradle.internal.buildevents.BuildExceptionReporter] 
18:54:30.523 [ERROR] [org.gradle.internal.buildevents.BuildExceptionReporter] * What went wrong:
18:54:30.523 [ERROR] [org.gradle.internal.buildevents.BuildExceptionReporter] Execution failed for task ':app:kaptDebugKotlin'.
18:54:30.523 [ERROR] [org.gradle.internal.buildevents.BuildExceptionReporter] > Internal compiler error. See log for more details
18:54:30.523 [ERROR] [org.gradle.internal.buildevents.BuildExceptionReporter] 
18:54:30.524 [ERROR] [org.gradle.internal.buildevents.BuildExceptionReporter] * Try:
18:54:30.524 [ERROR] [org.gradle.internal.buildevents.BuildExceptionReporter]  Run with --scan to get full insights.
18:54:30.524 [ERROR] [org.gradle.internal.buildevents.BuildExceptionReporter] 
18:54:30.524 [ERROR] [org.gradle.internal.buildevents.BuildExceptionReporter] * Exception is:
18:54:30.525 [ERROR] [org.gradle.internal.buildevents.BuildExceptionReporter] org.gradle.api.tasks.TaskExecutionException: Execution failed for task ':app:kaptDebugKotlin'.
18:54:30.525 [ERROR] [org.gradle.internal.buildevents.BuildExceptionReporter] 	at org.gradle.api.internal.tasks.execution.ExecuteActionsTaskExecuter.execute(ExecuteActionsTaskExecuter.java:95)
18:54:30.525 [ERROR] [org.gradle.internal.buildevents.BuildExceptionReporter] 	at org.gradle.api.internal.tasks.execution.ResolveTaskOutputCachingStateExecuter.execute(ResolveTaskOutputCachingStateExecuter.java:91)
18:54:30.525 [ERROR] [org.gradle.internal.buildevents.BuildExceptionReporter] 	at org.gradle.api.internal.tasks.execution.ResolveBuildCacheKeyExecuter.execute(ResolveBuildCacheKeyExecuter.java:79)
18:54:30.525 [ERROR] [org.gradle.internal.buildevents.BuildExceptionReporter] 	at org.gradle.api.internal.tasks.execution.ValidatingTaskExecuter.execute(ValidatingTaskExecuter.java:57)
18:54:30.525 [ERROR] [org.gradle.internal.buildevents.BuildExceptionReporter] 	at org.gradle.api.internal.tasks.execution.SkipEmptySourceFilesTaskExecuter.execute(SkipEmptySourceFilesTaskExecuter.java:119)
18:54:30.525 [ERROR] [org.gradle.internal.buildevents.BuildExceptionReporter] 	at org.gradle.api.internal.tasks.execution.ResolvePreviousStateExecuter.execute(ResolvePreviousStateExecuter.java:43)
18:54:30.525 [ERROR] [org.gradle.internal.buildevents.BuildExceptionReporter] 	at org.gradle.api.internal.tasks.execution.CleanupStaleOutputsExecuter.execute(CleanupStaleOutputsExecuter.java:93)
18:54:30.525 [ERROR] [org.gradle.internal.buildevents.BuildExceptionReporter] 	at org.gradle.api.internal.tasks.execution.FinalizePropertiesTaskExecuter.execute(FinalizePropertiesTaskExecuter.java:45)
18:54:30.526 [ERROR] [org.gradle.internal.buildevents.BuildExceptionReporter] 	at org.gradle.api.internal.tasks.execution.ResolveTaskArtifactStateTaskExecuter.execute(ResolveTaskArtifactStateTaskExecuter.java:94)
18:54:30.526 [ERROR] [org.gradle.internal.buildevents.BuildExceptionReporter] 	at org.gradle.api.internal.tasks.execution.SkipTaskWithNoActionsExecuter.execute(SkipTaskWithNoActionsExecuter.java:56)
18:54:30.526 [ERROR] [org.gradle.internal.buildevents.BuildExceptionReporter] 	at org.gradle.api.internal.tasks.execution.SkipOnlyIfTaskExecuter.execute(SkipOnlyIfTaskExecuter.java:55)
18:54:30.526 [ERROR] [org.gradle.internal.buildevents.BuildExceptionReporter] 	at org.gradle.api.internal.tasks.execution.CatchExceptionTaskExecuter.execute(CatchExceptionTaskExecuter.java:36)
18:54:30.526 [ERROR] [org.gradle.internal.buildevents.BuildExceptionReporter] 	at org.gradle.api.internal.tasks.execution.EventFiringTaskExecuter$1.executeTask(EventFiringTaskExecuter.java:67)
18:54:30.526 [ERROR] [org.gradle.internal.buildevents.BuildExceptionReporter] 	at org.gradle.api.internal.tasks.execution.EventFiringTaskExecuter$1.call(EventFiringTaskExecuter.java:52)
18:54:30.526 [ERROR] [org.gradle.internal.buildevents.BuildExceptionReporter] 	at org.gradle.api.internal.tasks.execution.EventFiringTaskExecuter$1.call(EventFiringTaskExecuter.java:49)
18:54:30.526 [ERROR] [org.gradle.internal.buildevents.BuildExceptionReporter] 	at org.gradle.internal.operations.DefaultBuildOperationExecutor$CallableBuildOperationWorker.execute(DefaultBuildOperationExecutor.java:315)
18:54:30.526 [ERROR] [org.gradle.internal.buildevents.BuildExceptionReporter] 	at org.gradle.internal.operations.DefaultBuildOperationExecutor$CallableBuildOperationWorker.execute(DefaultBuildOperationExecutor.java:305)
18:54:30.526 [ERROR] [org.gradle.internal.buildevents.BuildExceptionReporter] 	at org.gradle.internal.operations.DefaultBuildOperationExecutor.execute(DefaultBuildOperationExecutor.java:175)
18:54:30.526 [ERROR] [org.gradle.internal.buildevents.BuildExceptionReporter] 	at org.gradle.internal.operations.DefaultBuildOperationExecutor.call(DefaultBuildOperationExecutor.java:101)
18:54:30.527 [ERROR] [org.gradle.internal.buildevents.BuildExceptionReporter] 	at org.gradle.internal.operations.DelegatingBuildOperationExecutor.call(DelegatingBuildOperationExecutor.java:36)
18:54:30.527 [ERROR] [org.gradle.internal.buildevents.BuildExceptionReporter] 	at org.gradle.api.internal.tasks.execution.EventFiringTaskExecuter.execute(EventFiringTaskExecuter.java:49)
18:54:30.527 [ERROR] [org.gradle.internal.buildevents.BuildExceptionReporter] 	at org.gradle.execution.plan.LocalTaskNodeExecutor.execute(LocalTaskNodeExecutor.java:43)
18:54:30.527 [ERROR] [org.gradle.internal.buildevents.BuildExceptionReporter] 	at org.gradle.execution.taskgraph.DefaultTaskExecutionGraph$InvokeNodeExecutorsAction.execute(DefaultTaskExecutionGraph.java:355)
18:54:30.527 [ERROR] [org.gradle.internal.buildevents.BuildExceptionReporter] 	at org.gradle.execution.taskgraph.DefaultTaskExecutionGraph$InvokeNodeExecutorsAction.execute(DefaultTaskExecutionGraph.java:343)
18:54:30.527 [ERROR] [org.gradle.internal.buildevents.BuildExceptionReporter] 	at org.gradle.execution.taskgraph.DefaultTaskExecutionGraph$BuildOperationAwareExecutionAction.execute(DefaultTaskExecutionGraph.java:336)
18:54:30.527 [ERROR] [org.gradle.internal.buildevents.BuildExceptionReporter] 	at org.gradle.execution.taskgraph.DefaultTaskExecutionGraph$BuildOperationAwareExecutionAction.execute(DefaultTaskExecutionGraph.java:322)
18:54:30.527 [ERROR] [org.gradle.internal.buildevents.BuildExceptionReporter] 	at org.gradle.execution.plan.DefaultPlanExecutor$ExecutorWorker$1.execute(DefaultPlanExecutor.java:134)
18:54:30.527 [ERROR] [org.gradle.internal.buildevents.BuildExceptionReporter] 	at org.gradle.execution.plan.DefaultPlanExecutor$ExecutorWorker$1.execute(DefaultPlanExecutor.java:129)
18:54:30.527 [ERROR] [org.gradle.internal.buildevents.BuildExceptionReporter] 	at org.gradle.execution.plan.DefaultPlanExecutor$ExecutorWorker.execute(DefaultPlanExecutor.java:202)
18:54:30.527 [ERROR] [org.gradle.internal.buildevents.BuildExceptionReporter] 	at org.gradle.execution.plan.DefaultPlanExecutor$ExecutorWorker.executeNextNode(DefaultPlanExecutor.java:193)
18:54:30.527 [ERROR] [org.gradle.internal.buildevents.BuildExceptionReporter] 	at org.gradle.execution.plan.DefaultPlanExecutor$ExecutorWorker.run(DefaultPlanExecutor.java:129)
18:54:30.528 [ERROR] [org.gradle.internal.buildevents.BuildExceptionReporter] 	at org.gradle.internal.concurrent.ExecutorPolicy$CatchAndRecordFailures.onExecute(ExecutorPolicy.java:63)
18:54:30.528 [ERROR] [org.gradle.internal.buildevents.BuildExceptionReporter] 	at org.gradle.internal.concurrent.ManagedExecutorImpl$1.run(ManagedExecutorImpl.java:46)
18:54:30.528 [ERROR] [org.gradle.internal.buildevents.BuildExceptionReporter] 	at org.gradle.internal.concurrent.ThreadFactoryImpl$ManagedThreadRunnable.run(ThreadFactoryImpl.java:55)
18:54:30.528 [ERROR] [org.gradle.internal.buildevents.BuildExceptionReporter] Caused by: org.gradle.api.GradleException: Internal compiler error. See log for more details
18:54:30.528 [ERROR] [org.gradle.internal.buildevents.BuildExceptionReporter] 	at org.jetbrains.kotlin.gradle.tasks.TasksUtilsKt.throwGradleExceptionIfError(tasksUtils.kt:15)
18:54:30.528 [ERROR] [org.gradle.internal.buildevents.BuildExceptionReporter] 	at org.jetbrains.kotlin.compilerRunner.GradleKotlinCompilerWork.run(GradleKotlinCompilerWork.kt:121)
18:54:30.528 [ERROR] [org.gradle.internal.buildevents.BuildExceptionReporter] 	at org.jetbrains.kotlin.compilerRunner.GradleCompilerRunner.runCompilerAsync(GradleKotlinCompilerRunner.kt:144)
18:54:30.528 [ERROR] [org.gradle.internal.buildevents.BuildExceptionReporter] 	at org.jetbrains.kotlin.compilerRunner.GradleCompilerRunner.runCompilerAsync(GradleKotlinCompilerRunner.kt:139)
18:54:30.528 [ERROR] [org.gradle.internal.buildevents.BuildExceptionReporter] 	at org.jetbrains.kotlin.compilerRunner.GradleCompilerRunner.runJvmCompilerAsync(GradleKotlinCompilerRunner.kt:79)
18:54:30.528 [ERROR] [org.gradle.internal.buildevents.BuildExceptionReporter] 	at org.jetbrains.kotlin.gradle.internal.KaptWithKotlincTask.compile(KaptWithKotlincTask.kt:98)
18:54:30.528 [ERROR] [org.gradle.internal.buildevents.BuildExceptionReporter] 	at java.base/jdk.internal.reflect.NativeMethodAccessorImpl.invoke0(Native Method)
18:54:30.528 [ERROR] [org.gradle.internal.buildevents.BuildExceptionReporter] 	at java.base/jdk.internal.reflect.NativeMethodAccessorImpl.invoke(NativeMethodAccessorImpl.java:62)
18:54:30.528 [ERROR] [org.gradle.internal.buildevents.BuildExceptionReporter] 	at java.base/jdk.internal.reflect.DelegatingMethodAccessorImpl.invoke(DelegatingMethodAccessorImpl.java:43)
18:54:30.529 [ERROR] [org.gradle.internal.buildevents.BuildExceptionReporter] 	at org.gradle.internal.reflect.JavaMethod.invoke(JavaMethod.java:73)
18:54:30.529 [ERROR] [org.gradle.internal.buildevents.BuildExceptionReporter] 	at org.gradle.api.internal.project.taskfactory.IncrementalTaskAction.doExecute(IncrementalTaskAction.java:47)
18:54:30.529 [ERROR] [org.gradle.internal.buildevents.BuildExceptionReporter] 	at org.gradle.api.internal.project.taskfactory.StandardTaskAction.execute(StandardTaskAction.java:41)
18:54:30.529 [ERROR] [org.gradle.internal.buildevents.BuildExceptionReporter] 	at org.gradle.api.internal.project.taskfactory.StandardTaskAction.execute(StandardTaskAction.java:28)
18:54:30.529 [ERROR] [org.gradle.internal.buildevents.BuildExceptionReporter] 	at org.gradle.api.internal.tasks.execution.ExecuteActionsTaskExecuter$2.run(ExecuteActionsTaskExecuter.java:284)
18:54:30.529 [ERROR] [org.gradle.internal.buildevents.BuildExceptionReporter] 	at org.gradle.internal.operations.DefaultBuildOperationExecutor$RunnableBuildOperationWorker.execute(DefaultBuildOperationExecutor.java:301)
18:54:30.529 [ERROR] [org.gradle.internal.buildevents.BuildExceptionReporter] 	at org.gradle.internal.operations.DefaultBuildOperationExecutor$RunnableBuildOperationWorker.execute(DefaultBuildOperationExecutor.java:293)
18:54:30.529 [ERROR] [org.gradle.internal.buildevents.BuildExceptionReporter] 	at org.gradle.internal.operations.DefaultBuildOperationExecutor.execute(DefaultBuildOperationExecutor.java:175)
18:54:30.529 [ERROR] [org.gradle.internal.buildevents.BuildExceptionReporter] 	at org.gradle.internal.operations.DefaultBuildOperationExecutor.run(DefaultBuildOperationExecutor.java:91)
18:54:30.530 [ERROR] [org.gradle.internal.buildevents.BuildExceptionReporter] 	at org.gradle.internal.operations.DelegatingBuildOperationExecutor.run(DelegatingBuildOperationExecutor.java:31)
18:54:30.530 [ERROR] [org.gradle.internal.buildevents.BuildExceptionReporter] 	at org.gradle.api.internal.tasks.execution.ExecuteActionsTaskExecuter.executeAction(ExecuteActionsTaskExecuter.java:273)
18:54:30.530 [ERROR] [org.gradle.internal.buildevents.BuildExceptionReporter] 	at org.gradle.api.internal.tasks.execution.ExecuteActionsTaskExecuter.executeActions(ExecuteActionsTaskExecuter.java:258)
18:54:30.530 [ERROR] [org.gradle.internal.buildevents.BuildExceptionReporter] 	at org.gradle.api.internal.tasks.execution.ExecuteActionsTaskExecuter.access$200(ExecuteActionsTaskExecuter.java:67)
18:54:30.530 [ERROR] [org.gradle.internal.buildevents.BuildExceptionReporter] 	at org.gradle.api.internal.tasks.execution.ExecuteActionsTaskExecuter$TaskExecution.execute(ExecuteActionsTaskExecuter.java:145)
18:54:30.530 [ERROR] [org.gradle.internal.buildevents.BuildExceptionReporter] 	at org.gradle.internal.execution.impl.steps.ExecuteStep.execute(ExecuteStep.java:49)
18:54:30.530 [ERROR] [org.gradle.internal.buildevents.BuildExceptionReporter] 	at org.gradle.internal.execution.impl.steps.CancelExecutionStep.execute(CancelExecutionStep.java:34)
18:54:30.530 [ERROR] [org.gradle.internal.buildevents.BuildExceptionReporter] 	at org.gradle.internal.execution.impl.steps.TimeoutStep.executeWithoutTimeout(TimeoutStep.java:69)
18:54:30.530 [ERROR] [org.gradle.internal.buildevents.BuildExceptionReporter] 	at org.gradle.internal.execution.impl.steps.TimeoutStep.execute(TimeoutStep.java:49)
18:54:30.530 [ERROR] [org.gradle.internal.buildevents.BuildExceptionReporter] 	at org.gradle.internal.execution.impl.steps.CatchExceptionStep.execute(CatchExceptionStep.java:33)
18:54:30.530 [ERROR] [org.gradle.internal.buildevents.BuildExceptionReporter] 	at org.gradle.internal.execution.impl.steps.CreateOutputsStep.execute(CreateOutputsStep.java:50)
18:54:30.531 [ERROR] [org.gradle.internal.buildevents.BuildExceptionReporter] 	at org.gradle.internal.execution.impl.steps.SnapshotOutputStep.execute(SnapshotOutputStep.java:43)
18:54:30.531 [ERROR] [org.gradle.internal.buildevents.BuildExceptionReporter] 	at org.gradle.internal.execution.impl.steps.SnapshotOutputStep.execute(SnapshotOutputStep.java:29)
18:54:30.531 [ERROR] [org.gradle.internal.buildevents.BuildExceptionReporter] 	at org.gradle.internal.execution.impl.steps.CacheStep.executeWithoutCache(CacheStep.java:134)
18:54:30.531 [ERROR] [org.gradle.internal.buildevents.BuildExceptionReporter] 	at org.gradle.internal.execution.impl.steps.CacheStep.lambda$execute$3(CacheStep.java:83)
18:54:30.531 [ERROR] [org.gradle.internal.buildevents.BuildExceptionReporter] 	at org.gradle.internal.execution.impl.steps.CacheStep.execute(CacheStep.java:82)
18:54:30.531 [ERROR] [org.gradle.internal.buildevents.BuildExceptionReporter] 	at org.gradle.internal.execution.impl.steps.CacheStep.execute(CacheStep.java:36)
18:54:30.531 [ERROR] [org.gradle.internal.buildevents.BuildExceptionReporter] 	at org.gradle.internal.execution.impl.steps.PrepareCachingStep.execute(PrepareCachingStep.java:33)
18:54:30.531 [ERROR] [org.gradle.internal.buildevents.BuildExceptionReporter] 	at org.gradle.internal.execution.impl.steps.StoreSnapshotsStep.execute(StoreSnapshotsStep.java:38)
18:54:30.531 [ERROR] [org.gradle.internal.buildevents.BuildExceptionReporter] 	at org.gradle.internal.execution.impl.steps.StoreSnapshotsStep.execute(StoreSnapshotsStep.java:23)
18:54:30.531 [ERROR] [org.gradle.internal.buildevents.BuildExceptionReporter] 	at org.gradle.internal.execution.impl.steps.SkipUpToDateStep.executeBecause(SkipUpToDateStep.java:96)
18:54:30.532 [ERROR] [org.gradle.internal.buildevents.BuildExceptionReporter] 	at org.gradle.internal.execution.impl.steps.SkipUpToDateStep.lambda$execute$0(SkipUpToDateStep.java:89)
18:54:30.532 [ERROR] [org.gradle.internal.buildevents.BuildExceptionReporter] 	at org.gradle.internal.execution.impl.steps.SkipUpToDateStep.execute(SkipUpToDateStep.java:52)
18:54:30.532 [ERROR] [org.gradle.internal.buildevents.BuildExceptionReporter] 	at org.gradle.internal.execution.impl.steps.SkipUpToDateStep.execute(SkipUpToDateStep.java:36)
18:54:30.532 [ERROR] [org.gradle.internal.buildevents.BuildExceptionReporter] 	at org.gradle.internal.execution.impl.DefaultWorkExecutor.execute(DefaultWorkExecutor.java:34)
18:54:30.532 [ERROR] [org.gradle.internal.buildevents.BuildExceptionReporter] 	at org.gradle.api.internal.tasks.execution.ExecuteActionsTaskExecuter.execute(ExecuteActionsTaskExecuter.java:91)
18:54:30.532 [ERROR] [org.gradle.internal.buildevents.BuildExceptionReporter] 	... 33 more
18:54:30.532 [ERROR] [org.gradle.internal.buildevents.BuildExceptionReporter] 
18:54:30.532 [ERROR] [org.gradle.internal.buildevents.BuildExceptionReporter] 
18:54:30.532 [ERROR] [org.gradle.internal.buildevents.BuildExceptionReporter] * Get more help at https://help.gradle.org
18:54:30.533 [ERROR] [org.gradle.internal.buildevents.BuildResultLogger] 
18:54:30.533 [ERROR] [org.gradle.internal.buildevents.BuildResultLogger] BUILD FAILED in 57s
